<?xml version="1.0" encoding="UTF-8"?>
<testsuite xmlns:xsi="http://www.w3.org/2001/XMLSchema-instance" xsi:noNamespaceSchemaLocation="https://maven.apache.org/surefire/maven-surefire-plugin/xsd/surefire-test-report-3.0.xsd" version="3.0" name="TestSuite" time="32.292" tests="2" errors="0" skipped="0" failures="0">
  <properties>
[...]
</properties>
  <testcase name="test1" classname="com.nav.testCases.AmaizonTestCase" time="23.859">
    <system-out><![CDATA[chrome Browser lunched
sigh in lbl: E-mail address or mobile phone number
]]></system-out>
    <system-err><![CDATA[Starting ChromeDriver 94.0.4606.61 (418b78f5838ed0b1c69bb4e51ea0252171854915-refs/branch-heads/4606@{#1204}) on port 13123
Only local connections are allowed.
Please see https://chromedriver.chromium.org/security-considerations for suggestions on keeping ChromeDriver safe.
ChromeDriver was started successfully.
1635191059961	geckodriver	INFO	Listening on 127.0.0.1:23428
1635191060588	mozrunner::runner	INFO	Running command: "C:\\Program Files\\Mozilla Firefox\\firefox.exe" "--marionette" "-no-remote" "-profile" "C:\\Users\\navra\\AppData\\Local\\Temp\\rust_mozprofilei9It4H"
[1635191061.256][WARNING]: This version of ChromeDriver has not been tested with Chrome version 95.
1635191061416	Marionette	INFO	Marionette enabled
Oct 25, 2021 3:44:21 PM org.openqa.selenium.remote.ProtocolHandshake createSession
INFO: Detected dialect: W3C
console.warn: SearchSettings: "get: No settings file exists, new profile?" (new NotFoundError("Could not open the file at C:\\Users\\navra\\AppData\\Local\\Temp\\rust_mozprofilei9It4H\\search.json.mozlz4", (void 0)))
1635191065678	Marionette	INFO	Listening on port 49694
1635191065911	RemoteAgent	WARN	TLS certificate errors will be ignored for this session
Oct 25, 2021 3:44:25 PM org.openqa.selenium.remote.ProtocolHandshake createSession
INFO: Detected dialect: W3C
JavaScript warning: https://www.amazon.ca/ line 7 > injectedScript, line 1: WEBGL_debug_renderer_info is deprecated in Firefox and will be removed. Please use RENDERER.
[Child 12376, MediaDecoderStateMachine #1] WARNING: 1a0d5a1e200 Could not set cubeb stream name.: file /builds/worker/checkouts/gecko/dom/media/AudioStream.cpp:367
[Child 12376, MediaDecoderStateMachine #1] WARNING: 1a0d989a040 Could not set cubeb stream name.: file /builds/worker/checkouts/gecko/dom/media/AudioStream.cpp:367
]]></system-err>
  </testcase>
  <testcase name="test2" classname="com.nav.testCases.AmaizonTestCase" time="31.707">
    <system-out><![CDATA[sigh in lbl: E-mail address or mobile phone number
]]></system-out>
    <system-err><![CDATA[[Child 12376, MediaDecoderStateMachine #1] WARNING: 1a0d989a580 Could not set cubeb stream name.: file /builds/worker/checkouts/gecko/dom/media/AudioStream.cpp:367
[Child 12376, MediaDecoderStateMachine #1] WARNING: 1a0c7e872e0 Could not set cubeb stream name.: file /builds/worker/checkouts/gecko/dom/media/AudioStream.cpp:367
JavaScript warning: https://www.amazon.ca/dp/B07FQ4XCR1?ref_=nav_em__k_kp_jae_0_2_4_2 line 7 > injectedScript, line 1: WEBGL_debug_renderer_info is deprecated in Firefox and will be removed. Please use RENDERER.
JavaScript warning: https://www.amazon.ca/ap/signin?_encoding=UTF8&openid.assoc_handle=amazon_checkout_ca&openid.claimed_id=http%3A%2F%2Fspecs.openid.net%2Fauth%2F2.0%2Fidentifier_select&openid.identity=http%3A%2F%2Fspecs.openid.net%2Fauth%2F2.0%2Fidentifier_select&openid.mode=checkid_setup&openid.ns=http%3A%2F%2Fspecs.openid.net%2Fauth%2F2.0&openid.ns.pape=http%3A%2F%2Fspecs.openid.net%2Fextensions%2Fpape%2F1.0&openid.pape.max_auth_age=0&openid.return_to=https%3A%2F%2Fwww.amazon.ca%2Fgp%2Fcheckoutportal%2Fenter-checkout.html%3Fie%3DUTF8%26asin%3DB07FQ4XCR1%26buyNow%3D1%26cartCustomerID%3D0%26custom-name.1.1%3DisDevicePreRegistered%26custom-value.1.1%3Dtrue%26fromSignIn%3D1%26fulfillmentType%3D%26isBuyBack%3D%26isGift%3D0%26offeringID%3Da9nq4icIfE9oLxmtILsmlc7NfPGMHzqjo2mq8Wc95qnVgv6dKidbMKh4s5MgjVAb3bXmr1kkCGx1PODSCK8J3RZQqBOQIAbHQHFB70aBKrIGrXuz6nNUwq9P8Gq5puQGkxFOQO0QO%25252Bg%25253D%26pickupAddressId%3D%26pickupStoreChainId%3D%26purchaseInputs%3DHASH%25280xa6777894%2529%26quantity%3D1%26sessionID%3D142-4472080-2069122&pageId=amazon_checkout_ca&showRmrMe=0&siteState=IMBMsgs.&suppressSignInRadioButtons=0 line 7 > injectedScript, line 1: WEBGL_debug_renderer_info is deprecated in Firefox and will be removed. Please use RENDERER.
1635191089707	Marionette	INFO	Stopped listening on port 49694
JavaScript error: resource:///modules/Interactions.jsm, line 201: NS_ERROR_FAILURE: Component returned failure code: 0x80004005 (NS_ERROR_FAILURE) [nsIUserIdleService.removeIdleObserver]

###!!! [Child][MessageChannel] Error: (msgtype=0x680023,name=PNecko::Msg_RemoveRequestContext) Channel closing: too late to send/recv, messages will be lost

]]></system-err>
  </testcase>
</testsuite>